<?xml version="1.0" encoding="UTF-8"?>
<!-- Generated by org.testng.reporters.JUnitXMLReporter -->
<testsuite ignored="4" hostname="mohameds-mbp" failures="0" tests="4" name="Test" time="35.546" errors="0" timestamp="2023-02-10T18:52:37 EET">
  <testcase classname="testCases.loginTest" name="loginTest" time="5.416"/>
  <testcase classname="testCases.buyProduct" name="buy_bag" time="10.391"/>
  <testcase classname="testCases.buyProduct" name="buy_Tsshirt" time="9.211"/>
  <testcase classname="testCases.logoutTest" name="user_logout" time="0.778"/>
  <testcase classname="BaseClass.base" name="@BeforeTest setup" time="0.0">
    <ignored/>
  </testcase> <!-- @BeforeTest setup -->
  <testcase classname="BaseClass.base" name="@BeforeTest setup" time="0.0">
    <ignored/>
  </testcase> <!-- @BeforeTest setup -->
  <testcase classname="BaseClass.base" name="@AfterTest tearDown" time="0.0">
    <ignored/>
  </testcase> <!-- @AfterTest tearDown -->
  <testcase classname="BaseClass.base" name="@AfterTest tearDown" time="0.0">
    <ignored/>
  </testcase> <!-- @AfterTest tearDown -->
</testsuite> <!-- Test -->
